2025-11-11 22:49:18 0 [Note] Starting MariaDB 12.0.2-MariaDB source revision aab83aecdca15738d114cf5a2f223f1d12e4e6bd server_uid SEdfjV+v1KAERcjCFOZpHMhdNxQ= as process 172
2025-11-11 22:49:18 0 [Note] InnoDB: Compressed tables use zlib 1.3.1
2025-11-11 22:49:18 0 [Note] InnoDB: Number of transaction pools: 1
2025-11-11 22:49:18 0 [Note] InnoDB: Using crc32 + pclmulqdq instructions
2025-11-11 22:49:18 0 [Note] InnoDB: Using ThreadPool
2025-11-11 22:49:18 0 [Note] InnoDB: innodb_buffer_pool_size_max=128m, innodb_buffer_pool_size=128m
2025-11-11 22:49:18 0 [Note] InnoDB: Completed initialization of buffer pool
2025-11-11 22:49:18 0 [Note] InnoDB: File system buffers for log disabled (block size=512 bytes)
2025-11-11 22:49:18 0 [Note] InnoDB: Starting crash recovery from checkpoint LSN=47629
2025-11-11 22:49:18 0 [Note] InnoDB: End of log at LSN=112658
2025-11-11 22:49:18 0 [Note] InnoDB: To recover: 126 pages
2025-11-11 22:49:19 0 [Note] InnoDB: Opened 3 undo tablespaces
2025-11-11 22:49:19 0 [Note] InnoDB: 128 rollback segments in 3 undo tablespaces are active.
2025-11-11 22:49:19 0 [Note] InnoDB: Removed temporary tablespace data file: "./ibtmp1"
2025-11-11 22:49:19 0 [Note] InnoDB: Setting file './ibtmp1' size to 12.000MiB. Physically writing the file full; Please wait ...
2025-11-11 22:49:19 0 [Note] InnoDB: File './ibtmp1' size is now 12.000MiB.
2025-11-11 22:49:19 0 [Note] InnoDB: log sequence number 112658; transaction id 200
2025-11-11 22:49:19 0 [Note] Plugin 'FEEDBACK' is disabled.
2025-11-11 22:49:19 0 [Note] InnoDB: Loading buffer pool(s) from I:\MYXAMPP\MyServer\bin\mysql\data\ib_buffer_pool
2025-11-11 22:49:19 0 [Note] mysqld.exe: SSPI: using principal name 'localhost', mech 'Negotiate'
2025-11-11 22:49:19 0 [Note] InnoDB: Buffer pool(s) load completed at 251111 22:49:19
2025-11-11 22:49:19 0 [Note] Recovering after a crash using tc.log
2025-11-11 22:49:19 0 [Note] Starting table crash recovery...
2025-11-11 22:49:19 0 [Note] Crash table recovery finished.
2025-11-11 22:49:19 0 [Note] Server socket created on IP: '::', port: '3306'.
2025-11-11 22:49:19 0 [Note] Server socket created on IP: '0.0.0.0', port: '3306'.
2025-11-11 22:49:19 0 [Note] mysqld.exe: Event Scheduler: Loaded 0 events
2025-11-11 22:49:19 0 [Note] I:/MYXAMPP/MyServer/bin/mysql/bin/mysqld.exe: ready for connections.
Version: '12.0.2-MariaDB'  socket: ''  port: 3306  mariadb.org binary distribution
2025-11-11 22:51:02 0 [Note] Starting MariaDB 12.0.2-MariaDB source revision aab83aecdca15738d114cf5a2f223f1d12e4e6bd server_uid SEdfjV+v1KAERcjCFOZpHMhdNxQ= as process 23076
2025-11-11 22:51:02 0 [Note] InnoDB: Compressed tables use zlib 1.3.1
2025-11-11 22:51:02 0 [Note] InnoDB: Number of transaction pools: 1
2025-11-11 22:51:02 0 [Note] InnoDB: Using crc32 + pclmulqdq instructions
2025-11-11 22:51:02 0 [Note] InnoDB: Using ThreadPool
2025-11-11 22:51:02 0 [Note] InnoDB: innodb_buffer_pool_size_max=128m, innodb_buffer_pool_size=128m
2025-11-11 22:51:02 0 [Note] InnoDB: Completed initialization of buffer pool
2025-11-11 22:51:02 0 [Note] InnoDB: File system buffers for log disabled (block size=512 bytes)
2025-11-11 22:51:02 0 [Note] InnoDB: Starting crash recovery from checkpoint LSN=47629
2025-11-11 22:51:02 0 [Note] InnoDB: End of log at LSN=112658
2025-11-11 22:51:02 0 [Note] InnoDB: To recover: 126 pages
2025-11-11 22:51:02 0 [Note] InnoDB: Opened 3 undo tablespaces
2025-11-11 22:51:02 0 [Note] InnoDB: 128 rollback segments in 3 undo tablespaces are active.
2025-11-11 22:51:02 0 [Note] InnoDB: Removed temporary tablespace data file: "./ibtmp1"
2025-11-11 22:51:02 0 [Note] InnoDB: Setting file './ibtmp1' size to 12.000MiB. Physically writing the file full; Please wait ...
2025-11-11 22:51:02 0 [Note] InnoDB: File './ibtmp1' size is now 12.000MiB.
2025-11-11 22:51:02 0 [Note] InnoDB: log sequence number 112658; transaction id 200
2025-11-11 22:51:02 0 [Note] Plugin 'FEEDBACK' is disabled.
2025-11-11 22:51:02 0 [Note] InnoDB: Loading buffer pool(s) from I:\MYXAMPP\MyServer\bin\mysql\data\ib_buffer_pool
2025-11-11 22:51:02 0 [Note] mysqld.exe: SSPI: using principal name 'localhost', mech 'Negotiate'
2025-11-11 22:51:02 0 [Note] InnoDB: Buffer pool(s) load completed at 251111 22:51:02
2025-11-11 22:51:02 0 [Note] Recovering after a crash using tc.log
2025-11-11 22:51:02 0 [Note] Starting table crash recovery...
2025-11-11 22:51:02 0 [Note] Crash table recovery finished.
2025-11-11 22:51:03 0 [Note] Server socket created on IP: '::', port: '3306'.
2025-11-11 22:51:03 0 [Note] Server socket created on IP: '0.0.0.0', port: '3306'.
2025-11-11 22:51:03 0 [Note] mysqld.exe: Event Scheduler: Loaded 0 events
2025-11-11 22:51:03 0 [Note] I:/MYXAMPP/MyServer/bin/mysql/bin/mysqld.exe: ready for connections.
Version: '12.0.2-MariaDB'  socket: ''  port: 3306  mariadb.org binary distribution
2025-11-11 22:53:59 0 [Note] Starting MariaDB 12.0.2-MariaDB source revision aab83aecdca15738d114cf5a2f223f1d12e4e6bd server_uid SEdfjV+v1KAERcjCFOZpHMhdNxQ= as process 18768
2025-11-11 22:53:59 0 [Note] InnoDB: Compressed tables use zlib 1.3.1
2025-11-11 22:53:59 0 [Note] InnoDB: Number of transaction pools: 1
2025-11-11 22:53:59 0 [Note] InnoDB: Using crc32 + pclmulqdq instructions
2025-11-11 22:53:59 0 [Note] InnoDB: Using ThreadPool
2025-11-11 22:53:59 0 [Note] InnoDB: innodb_buffer_pool_size_max=128m, innodb_buffer_pool_size=128m
2025-11-11 22:53:59 0 [Note] InnoDB: Completed initialization of buffer pool
2025-11-11 22:53:59 0 [Note] InnoDB: File system buffers for log disabled (block size=512 bytes)
2025-11-11 22:53:59 0 [Note] InnoDB: Starting crash recovery from checkpoint LSN=47629
2025-11-11 22:53:59 0 [Note] InnoDB: End of log at LSN=112658
2025-11-11 22:53:59 0 [Note] InnoDB: To recover: 126 pages
2025-11-11 22:53:59 0 [Note] InnoDB: Opened 3 undo tablespaces
2025-11-11 22:53:59 0 [Note] InnoDB: 128 rollback segments in 3 undo tablespaces are active.
2025-11-11 22:53:59 0 [Note] InnoDB: Removed temporary tablespace data file: "./ibtmp1"
2025-11-11 22:53:59 0 [Note] InnoDB: Setting file './ibtmp1' size to 12.000MiB. Physically writing the file full; Please wait ...
2025-11-11 22:53:59 0 [Note] InnoDB: File './ibtmp1' size is now 12.000MiB.
2025-11-11 22:53:59 0 [Note] InnoDB: log sequence number 112658; transaction id 200
2025-11-11 22:53:59 0 [Note] InnoDB: Loading buffer pool(s) from I:\MYXAMPP\MyServer\bin\mysql\data\ib_buffer_pool
2025-11-11 22:53:59 0 [Note] Plugin 'FEEDBACK' is disabled.
2025-11-11 22:53:59 0 [Note] mysqld.exe: SSPI: using principal name 'localhost', mech 'Negotiate'
2025-11-11 22:53:59 0 [Note] InnoDB: Buffer pool(s) load completed at 251111 22:53:59
2025-11-11 22:53:59 0 [Note] Recovering after a crash using tc.log
2025-11-11 22:53:59 0 [Note] Starting table crash recovery...
2025-11-11 22:53:59 0 [Note] Crash table recovery finished.
2025-11-11 22:54:00 0 [Note] Server socket created on IP: '::', port: '3306'.
2025-11-11 22:54:00 0 [Note] Server socket created on IP: '0.0.0.0', port: '3306'.
2025-11-11 22:54:00 0 [Note] mysqld.exe: Event Scheduler: Loaded 0 events
2025-11-11 22:54:00 0 [Note] I:/MYXAMPP/MyServer/bin/mysql/bin/mysqld.exe: ready for connections.
Version: '12.0.2-MariaDB'  socket: ''  port: 3306  mariadb.org binary distribution
